<?xml version="1.0" encoding="UTF-8"?>
<!-- Generated by org.testng.reporters.JUnitXMLReporter -->
<testsuite hostname="DESKTOP-BPTRLO6" name="ProviderTest" tests="3" failures="0" timestamp="29 Jan 2022 03:14:45 GMT" time="22.982" errors="0">
  <testcase name="test" time="0.71" classname="testcases.LoginTestProvider"/>
  <testcase name="test" time="1.044" classname="testcases.LoginTestProvider"/>
  <testcase name="test" time="0.555" classname="testcases.LoginTestProvider"/>
</testsuite> <!-- ProviderTest -->
