<?xml version="1.0" encoding="UTF-8"?>
<!-- Generated by org.testng.reporters.JUnitXMLReporter -->
<testsuite hostname="DESKTOP-BPTRLO6" name="SeekerTest" tests="3" failures="0" timestamp="29 Jan 2022 03:14:22 GMT" time="42.439" errors="0">
  <testcase name="test" time="1.986" classname="testcases.LoginTestSeeker"/>
  <testcase name="test" time="0.764" classname="testcases.LoginTestSeeker"/>
  <testcase name="test" time="0.991" classname="testcases.LoginTestSeeker"/>
</testsuite> <!-- SeekerTest -->
