<?xml version="1.0" encoding="UTF-8"?>
<!-- Generated by org.testng.reporters.JUnitXMLReporter -->
<testsuite hostname="DESKTOP-BPTRLO6" ignored="0" name="ProviderTest" tests="3" failures="0" timestamp="2022-01-29T08:57:51 IST" time="21.776" errors="0">
  <testcase name="test" time="0.664" classname="testcases.LoginTestProvider"/>
  <testcase name="test" time="0.584" classname="testcases.LoginTestProvider"/>
  <testcase name="test" time="0.509" classname="testcases.LoginTestProvider"/>
</testsuite> <!-- ProviderTest -->
