<?xml version="1.0" encoding="UTF-8"?>
<!-- Generated by org.testng.reporters.JUnitXMLReporter -->
<testsuite hostname="DESKTOP-BPTRLO6" ignored="0" name="SeekerTest" tests="3" failures="0" timestamp="2022-01-29T08:57:29 IST" time="27.426" errors="0">
  <testcase name="test" time="0.8" classname="testcases.LoginTestSeeker"/>
  <testcase name="test" time="0.564" classname="testcases.LoginTestSeeker"/>
  <testcase name="test" time="0.545" classname="testcases.LoginTestSeeker"/>
</testsuite> <!-- SeekerTest -->
